{"/home/user/strata-lines/services/gpxGenerator.ts": {"path":"/home/user/strata-lines/services/gpxGenerator.ts","statementMap":{"0":{"start":{"line":8,"column":32},"end":{"line":20,"column":null}},"1":{"start":{"line":9,"column":22},"end":{"line":9,"column":null}},"2":{"start":{"line":9,"column":44},"end":{"line":9,"column":97}},"3":{"start":{"line":11,"column":4},"end":{"line":16,"column":null}}},"fnMap":{"0":{"name":"(anonymous_0)","decl":{"start":{"line":8,"column":32},"end":{"line":8,"column":33}},"loc":{"start":{"line":8,"column":58},"end":{"line":20,"column":null}},"line":8},"1":{"name":"(anonymous_1)","decl":{"start":{"line":9,"column":39},"end":{"line":9,"column":44}},"loc":{"start":{"line":9,"column":44},"end":{"line":9,"column":97}},"line":9}},"branchMap":{},"s":{"0":1,"1":6,"2":10,"3":6},"f":{"0":6,"1":10},"b":{},"meta":{"lastBranch":0,"lastFunction":2,"lastStatement":4,"seen":{"s:8:32:20:Infinity":0,"f:8:32:8:33":0,"s:9:22:9:Infinity":1,"f:9:39:9:44":1,"s:9:44:9:97":2,"s:11:4:16:Infinity":3}}}
,"/home/user/strata-lines/services/gpxProcessor.ts": {"path":"/home/user/strata-lines/services/gpxProcessor.ts","statementMap":{"0":{"start":{"line":8,"column":2},"end":{"line":10,"column":null}},"1":{"start":{"line":9,"column":4},"end":{"line":9,"column":null}},"2":{"start":{"line":11,"column":22},"end":{"line":11,"column":null}},"3":{"start":{"line":12,"column":2},"end":{"line":16,"column":null}},"4":{"start":{"line":12,"column":15},"end":{"line":12,"column":18}},"5":{"start":{"line":13,"column":19},"end":{"line":13,"column":null}},"6":{"start":{"line":14,"column":19},"end":{"line":14,"column":null}},"7":{"start":{"line":15,"column":4},"end":{"line":15,"column":null}},"8":{"start":{"line":17,"column":2},"end":{"line":17,"column":null}},"9":{"start":{"line":20,"column":17},"end":{"line":35,"column":null}},"10":{"start":{"line":21,"column":14},"end":{"line":21,"column":null}},"11":{"start":{"line":22,"column":2},"end":{"line":22,"column":null}},"12":{"start":{"line":24,"column":2},"end":{"line":26,"column":null}},"13":{"start":{"line":25,"column":4},"end":{"line":25,"column":null}},"14":{"start":{"line":28,"column":2},"end":{"line":34,"column":null}},"15":{"start":{"line":29,"column":28},"end":{"line":29,"column":null}},"16":{"start":{"line":29,"column":50},"end":{"line":29,"column":64}},"17":{"start":{"line":30,"column":17},"end":{"line":30,"column":null}},"18":{"start":{"line":31,"column":19},"end":{"line":31,"column":null}},"19":{"start":{"line":33,"column":4},"end":{"line":33,"column":null}},"20":{"start":{"line":37,"column":17},"end":{"line":85,"column":null}},"21":{"start":{"line":38,"column":17},"end":{"line":38,"column":null}},"22":{"start":{"line":39,"column":17},"end":{"line":39,"column":null}},"23":{"start":{"line":42,"column":22},"end":{"line":42,"column":null}},"24":{"start":{"line":43,"column":2},"end":{"line":46,"column":null}},"25":{"start":{"line":44,"column":4},"end":{"line":44,"column":null}},"26":{"start":{"line":45,"column":4},"end":{"line":45,"column":null}},"27":{"start":{"line":48,"column":21},"end":{"line":48,"column":null}},"28":{"start":{"line":49,"column":2},"end":{"line":51,"column":null}},"29":{"start":{"line":50,"column":4},"end":{"line":50,"column":null}},"30":{"start":{"line":53,"column":37},"end":{"line":53,"column":null}},"31":{"start":{"line":55,"column":2},"end":{"line":82,"column":null}},"32":{"start":{"line":56,"column":24},"end":{"line":56,"column":null}},"33":{"start":{"line":57,"column":4},"end":{"line":57,"column":null}},"34":{"start":{"line":57,"column":34},"end":{"line":57,"column":null}},"35":{"start":{"line":59,"column":28},"end":{"line":59,"column":null}},"36":{"start":{"line":60,"column":4},"end":{"line":73,"column":null}},"37":{"start":{"line":61,"column":18},"end":{"line":61,"column":null}},"38":{"start":{"line":62,"column":6},"end":{"line":72,"column":null}},"39":{"start":{"line":63,"column":24},"end":{"line":63,"column":null}},"40":{"start":{"line":64,"column":24},"end":{"line":64,"column":null}},"41":{"start":{"line":65,"column":8},"end":{"line":71,"column":null}},"42":{"start":{"line":66,"column":22},"end":{"line":66,"column":null}},"43":{"start":{"line":67,"column":22},"end":{"line":67,"column":null}},"44":{"start":{"line":68,"column":10},"end":{"line":70,"column":null}},"45":{"start":{"line":69,"column":12},"end":{"line":69,"column":null}},"46":{"start":{"line":75,"column":4},"end":{"line":81,"column":null}},"47":{"start":{"line":76,"column":20},"end":{"line":76,"column":null}},"48":{"start":{"line":77,"column":21},"end":{"line":77,"column":null}},"49":{"start":{"line":78,"column":19},"end":{"line":78,"column":null}},"50":{"start":{"line":79,"column":21},"end":{"line":79,"column":null}},"51":{"start":{"line":80,"column":6},"end":{"line":80,"column":null}},"52":{"start":{"line":84,"column":2},"end":{"line":84,"column":null}},"53":{"start":{"line":87,"column":17},"end":{"line":137,"column":null}},"54":{"start":{"line":88,"column":4},"end":{"line":136,"column":null}},"55":{"start":{"line":89,"column":23},"end":{"line":89,"column":null}},"56":{"start":{"line":90,"column":24},"end":{"line":90,"column":null}},"57":{"start":{"line":91,"column":37},"end":{"line":91,"column":null}},"58":{"start":{"line":93,"column":8},"end":{"line":99,"column":null}},"59":{"start":{"line":94,"column":12},"end":{"line":94,"column":null}},"60":{"start":{"line":96,"column":12},"end":{"line":98,"column":null}},"61":{"start":{"line":97,"column":17},"end":{"line":97,"column":null}},"62":{"start":{"line":101,"column":31},"end":{"line":101,"column":null}},"63":{"start":{"line":102,"column":8},"end":{"line":104,"column":null}},"64":{"start":{"line":103,"column":12},"end":{"line":103,"column":null}},"65":{"start":{"line":106,"column":32},"end":{"line":106,"column":null}},"66":{"start":{"line":107,"column":8},"end":{"line":114,"column":null}},"67":{"start":{"line":109,"column":12},"end":{"line":113,"column":null}},"68":{"start":{"line":110,"column":28},"end":{"line":110,"column":null}},"69":{"start":{"line":111,"column":28},"end":{"line":111,"column":null}},"70":{"start":{"line":112,"column":16},"end":{"line":112,"column":null}},"71":{"start":{"line":116,"column":8},"end":{"line":118,"column":null}},"72":{"start":{"line":117,"column":12},"end":{"line":117,"column":null}},"73":{"start":{"line":120,"column":32},"end":{"line":120,"column":null}},"74":{"start":{"line":121,"column":19},"end":{"line":121,"column":null}},"75":{"start":{"line":122,"column":8},"end":{"line":125,"column":null}},"76":{"start":{"line":123,"column":33},"end":{"line":123,"column":null}},"77":{"start":{"line":124,"column":12},"end":{"line":124,"column":null}},"78":{"start":{"line":127,"column":23},"end":{"line":127,"column":null}},"79":{"start":{"line":128,"column":8},"end":{"line":128,"column":null}},"80":{"start":{"line":131,"column":8},"end":{"line":131,"column":null}},"81":{"start":{"line":132,"column":8},"end":{"line":134,"column":null}},"82":{"start":{"line":133,"column":12},"end":{"line":133,"column":null}},"83":{"start":{"line":135,"column":8},"end":{"line":135,"column":null}},"84":{"start":{"line":140,"column":31},"end":{"line":193,"column":null}},"85":{"start":{"line":141,"column":40},"end":{"line":141,"column":null}},"86":{"start":{"line":143,"column":2},"end":{"line":190,"column":null}},"87":{"start":{"line":144,"column":4},"end":{"line":189,"column":null}},"88":{"start":{"line":145,"column":21},"end":{"line":145,"column":null}},"89":{"start":{"line":146,"column":28},"end":{"line":146,"column":null}},"90":{"start":{"line":147,"column":45},"end":{"line":147,"column":null}},"91":{"start":{"line":149,"column":6},"end":{"line":180,"column":null}},"92":{"start":{"line":150,"column":23},"end":{"line":150,"column":null}},"93":{"start":{"line":151,"column":29},"end":{"line":151,"column":null}},"94":{"start":{"line":152,"column":8},"end":{"line":152,"column":null}},"95":{"start":{"line":153,"column":34},"end":{"line":153,"column":null}},"96":{"start":{"line":155,"column":8},"end":{"line":165,"column":null}},"97":{"start":{"line":157,"column":10},"end":{"line":157,"column":null}},"98":{"start":{"line":158,"column":8},"end":{"line":165,"column":null}},"99":{"start":{"line":159,"column":26},"end":{"line":159,"column":null}},"100":{"start":{"line":160,"column":10},"end":{"line":164,"column":null}},"101":{"start":{"line":161,"column":12},"end":{"line":161,"column":null}},"102":{"start":{"line":163,"column":12},"end":{"line":163,"column":null}},"103":{"start":{"line":166,"column":6},"end":{"line":180,"column":null}},"104":{"start":{"line":167,"column":23},"end":{"line":167,"column":null}},"105":{"start":{"line":169,"column":8},"end":{"line":169,"column":null}},"106":{"start":{"line":170,"column":6},"end":{"line":180,"column":null}},"107":{"start":{"line":171,"column":24},"end":{"line":171,"column":null}},"108":{"start":{"line":172,"column":8},"end":{"line":176,"column":null}},"109":{"start":{"line":173,"column":10},"end":{"line":173,"column":null}},"110":{"start":{"line":175,"column":10},"end":{"line":175,"column":null}},"111":{"start":{"line":178,"column":8},"end":{"line":178,"column":null}},"112":{"start":{"line":179,"column":8},"end":{"line":179,"column":null}},"113":{"start":{"line":182,"column":6},"end":{"line":182,"column":null}},"114":{"start":{"line":184,"column":6},"end":{"line":184,"column":null}},"115":{"start":{"line":185,"column":6},"end":{"line":187,"column":null}},"116":{"start":{"line":186,"column":10},"end":{"line":186,"column":null}},"117":{"start":{"line":188,"column":6},"end":{"line":188,"column":null}},"118":{"start":{"line":192,"column":2},"end":{"line":192,"column":null}}},"fnMap":{"0":{"name":"calculateTrackLength","decl":{"start":{"line":7,"column":9},"end":{"line":7,"column":30}},"loc":{"start":{"line":7,"column":55},"end":{"line":18,"column":null}},"line":7},"1":{"name":"(anonymous_1)","decl":{"start":{"line":20,"column":17},"end":{"line":20,"column":18}},"loc":{"start":{"line":20,"column":62},"end":{"line":35,"column":null}},"line":20},"2":{"name":"(anonymous_2)","decl":{"start":{"line":28,"column":24},"end":{"line":28,"column":33}},"loc":{"start":{"line":28,"column":33},"end":{"line":34,"column":3}},"line":28},"3":{"name":"(anonymous_3)","decl":{"start":{"line":29,"column":45},"end":{"line":29,"column":50}},"loc":{"start":{"line":29,"column":50},"end":{"line":29,"column":64}},"line":29},"4":{"name":"(anonymous_4)","decl":{"start":{"line":37,"column":17},"end":{"line":37,"column":18}},"loc":{"start":{"line":37,"column":62},"end":{"line":85,"column":null}},"line":37},"5":{"name":"(anonymous_5)","decl":{"start":{"line":87,"column":17},"end":{"line":87,"column":18}},"loc":{"start":{"line":87,"column":66},"end":{"line":137,"column":null}},"line":87},"6":{"name":"(anonymous_6)","decl":{"start":{"line":107,"column":31},"end":{"line":107,"column":41}},"loc":{"start":{"line":107,"column":41},"end":{"line":114,"column":9}},"line":107},"7":{"name":"(anonymous_7)","decl":{"start":{"line":140,"column":31},"end":{"line":140,"column":38}},"loc":{"start":{"line":140,"column":85},"end":{"line":193,"column":null}},"line":140}},"branchMap":{"0":{"loc":{"start":{"line":8,"column":2},"end":{"line":10,"column":null}},"type":"if","locations":[{"start":{"line":8,"column":2},"end":{"line":10,"column":null}},{"start":{},"end":{}}],"line":8},"1":{"loc":{"start":{"line":24,"column":2},"end":{"line":26,"column":null}},"type":"if","locations":[{"start":{"line":24,"column":2},"end":{"line":26,"column":null}},{"start":{},"end":{}}],"line":24},"2":{"loc":{"start":{"line":24,"column":6},"end":{"line":24,"column":46}},"type":"binary-expr","locations":[{"start":{"line":24,"column":6},"end":{"line":24,"column":21}},{"start":{"line":24,"column":21},"end":{"line":24,"column":46}}],"line":24},"3":{"loc":{"start":{"line":30,"column":17},"end":{"line":30,"column":null}},"type":"binary-expr","locations":[{"start":{"line":30,"column":17},"end":{"line":30,"column":31}},{"start":{"line":30,"column":31},"end":{"line":30,"column":null}}],"line":30},"4":{"loc":{"start":{"line":43,"column":2},"end":{"line":46,"column":null}},"type":"if","locations":[{"start":{"line":43,"column":2},"end":{"line":46,"column":null}},{"start":{},"end":{}}],"line":43},"5":{"loc":{"start":{"line":49,"column":2},"end":{"line":51,"column":null}},"type":"if","locations":[{"start":{"line":49,"column":2},"end":{"line":51,"column":null}},{"start":{},"end":{}}],"line":49},"6":{"loc":{"start":{"line":49,"column":6},"end":{"line":49,"column":46}},"type":"binary-expr","locations":[{"start":{"line":49,"column":6},"end":{"line":49,"column":21}},{"start":{"line":49,"column":21},"end":{"line":49,"column":46}}],"line":49},"7":{"loc":{"start":{"line":57,"column":4},"end":{"line":57,"column":null}},"type":"if","locations":[{"start":{"line":57,"column":4},"end":{"line":57,"column":null}},{"start":{},"end":{}}],"line":57},"8":{"loc":{"start":{"line":62,"column":6},"end":{"line":72,"column":null}},"type":"if","locations":[{"start":{"line":62,"column":6},"end":{"line":72,"column":null}},{"start":{},"end":{}}],"line":62},"9":{"loc":{"start":{"line":65,"column":8},"end":{"line":71,"column":null}},"type":"if","locations":[{"start":{"line":65,"column":8},"end":{"line":71,"column":null}},{"start":{},"end":{}}],"line":65},"10":{"loc":{"start":{"line":65,"column":12},"end":{"line":65,"column":78}},"type":"binary-expr","locations":[{"start":{"line":65,"column":12},"end":{"line":65,"column":23}},{"start":{"line":65,"column":23},"end":{"line":65,"column":34}},{"start":{"line":65,"column":34},"end":{"line":65,"column":57}},{"start":{"line":65,"column":57},"end":{"line":65,"column":78}}],"line":65},"11":{"loc":{"start":{"line":68,"column":10},"end":{"line":70,"column":null}},"type":"if","locations":[{"start":{"line":68,"column":10},"end":{"line":70,"column":null}},{"start":{},"end":{}}],"line":68},"12":{"loc":{"start":{"line":68,"column":14},"end":{"line":68,"column":68}},"type":"binary-expr","locations":[{"start":{"line":68,"column":14},"end":{"line":68,"column":29}},{"start":{"line":68,"column":29},"end":{"line":68,"column":44}},{"start":{"line":68,"column":44},"end":{"line":68,"column":57}},{"start":{"line":68,"column":57},"end":{"line":68,"column":68}}],"line":68},"13":{"loc":{"start":{"line":75,"column":4},"end":{"line":81,"column":null}},"type":"if","locations":[{"start":{"line":75,"column":4},"end":{"line":81,"column":null}},{"start":{},"end":{}}],"line":75},"14":{"loc":{"start":{"line":76,"column":20},"end":{"line":76,"column":null}},"type":"binary-expr","locations":[{"start":{"line":76,"column":20},"end":{"line":76,"column":54}},{"start":{"line":76,"column":54},"end":{"line":76,"column":null}}],"line":76},"15":{"loc":{"start":{"line":78,"column":19},"end":{"line":78,"column":null}},"type":"cond-expr","locations":[{"start":{"line":78,"column":50},"end":{"line":78,"column":87}},{"start":{"line":78,"column":87},"end":{"line":78,"column":null}}],"line":78},"16":{"loc":{"start":{"line":78,"column":19},"end":{"line":78,"column":50}},"type":"binary-expr","locations":[{"start":{"line":78,"column":19},"end":{"line":78,"column":29}},{"start":{"line":78,"column":29},"end":{"line":78,"column":50}}],"line":78},"17":{"loc":{"start":{"line":93,"column":8},"end":{"line":99,"column":null}},"type":"if","locations":[{"start":{"line":93,"column":8},"end":{"line":99,"column":null}},{"start":{},"end":{}}],"line":93},"18":{"loc":{"start":{"line":93,"column":12},"end":{"line":93,"column":41}},"type":"binary-expr","locations":[{"start":{"line":93,"column":12},"end":{"line":93,"column":22}},{"start":{"line":93,"column":22},"end":{"line":93,"column":41}}],"line":93},"19":{"loc":{"start":{"line":96,"column":12},"end":{"line":98,"column":null}},"type":"if","locations":[{"start":{"line":96,"column":12},"end":{"line":98,"column":null}},{"start":{},"end":{}}],"line":96},"20":{"loc":{"start":{"line":96,"column":16},"end":{"line":96,"column":76}},"type":"binary-expr","locations":[{"start":{"line":96,"column":16},"end":{"line":96,"column":41}},{"start":{"line":96,"column":41},"end":{"line":96,"column":76}}],"line":96},"21":{"loc":{"start":{"line":102,"column":8},"end":{"line":104,"column":null}},"type":"if","locations":[{"start":{"line":102,"column":8},"end":{"line":104,"column":null}},{"start":{},"end":{}}],"line":102},"22":{"loc":{"start":{"line":102,"column":12},"end":{"line":102,"column":60}},"type":"binary-expr","locations":[{"start":{"line":102,"column":12},"end":{"line":102,"column":31}},{"start":{"line":102,"column":31},"end":{"line":102,"column":60}}],"line":102},"23":{"loc":{"start":{"line":109,"column":12},"end":{"line":113,"column":null}},"type":"if","locations":[{"start":{"line":109,"column":12},"end":{"line":113,"column":null}},{"start":{},"end":{}}],"line":109},"24":{"loc":{"start":{"line":109,"column":16},"end":{"line":109,"column":75}},"type":"binary-expr","locations":[{"start":{"line":109,"column":16},"end":{"line":109,"column":46}},{"start":{"line":109,"column":46},"end":{"line":109,"column":75}}],"line":109},"25":{"loc":{"start":{"line":116,"column":8},"end":{"line":118,"column":null}},"type":"if","locations":[{"start":{"line":116,"column":8},"end":{"line":118,"column":null}},{"start":{},"end":{}}],"line":116},"26":{"loc":{"start":{"line":122,"column":8},"end":{"line":125,"column":null}},"type":"if","locations":[{"start":{"line":122,"column":8},"end":{"line":125,"column":null}},{"start":{},"end":{}}],"line":122},"27":{"loc":{"start":{"line":122,"column":12},"end":{"line":122,"column":91}},"type":"binary-expr","locations":[{"start":{"line":122,"column":12},"end":{"line":122,"column":31}},{"start":{"line":122,"column":31},"end":{"line":122,"column":61}},{"start":{"line":122,"column":61},"end":{"line":122,"column":91}}],"line":122},"28":{"loc":{"start":{"line":132,"column":8},"end":{"line":134,"column":null}},"type":"if","locations":[{"start":{"line":132,"column":8},"end":{"line":134,"column":null}},{"start":{},"end":{}}],"line":132},"29":{"loc":{"start":{"line":149,"column":6},"end":{"line":180,"column":null}},"type":"if","locations":[{"start":{"line":149,"column":6},"end":{"line":180,"column":null}},{"start":{"line":166,"column":6},"end":{"line":180,"column":null}}],"line":149},"30":{"loc":{"start":{"line":155,"column":8},"end":{"line":165,"column":null}},"type":"if","locations":[{"start":{"line":155,"column":8},"end":{"line":165,"column":null}},{"start":{"line":158,"column":8},"end":{"line":165,"column":null}}],"line":155},"31":{"loc":{"start":{"line":158,"column":8},"end":{"line":165,"column":null}},"type":"if","locations":[{"start":{"line":158,"column":8},"end":{"line":165,"column":null}},{"start":{},"end":{}}],"line":158},"32":{"loc":{"start":{"line":158,"column":19},"end":{"line":158,"column":79}},"type":"binary-expr","locations":[{"start":{"line":158,"column":19},"end":{"line":158,"column":50}},{"start":{"line":158,"column":50},"end":{"line":158,"column":79}}],"line":158},"33":{"loc":{"start":{"line":160,"column":10},"end":{"line":164,"column":null}},"type":"if","locations":[{"start":{"line":160,"column":10},"end":{"line":164,"column":null}},{"start":{"line":162,"column":17},"end":{"line":164,"column":null}}],"line":160},"34":{"loc":{"start":{"line":166,"column":6},"end":{"line":180,"column":null}},"type":"if","locations":[{"start":{"line":166,"column":6},"end":{"line":180,"column":null}},{"start":{"line":170,"column":6},"end":{"line":180,"column":null}}],"line":166},"35":{"loc":{"start":{"line":170,"column":6},"end":{"line":180,"column":null}},"type":"if","locations":[{"start":{"line":170,"column":6},"end":{"line":180,"column":null}},{"start":{"line":177,"column":13},"end":{"line":180,"column":null}}],"line":170},"36":{"loc":{"start":{"line":170,"column":17},"end":{"line":170,"column":83}},"type":"binary-expr","locations":[{"start":{"line":170,"column":17},"end":{"line":170,"column":51}},{"start":{"line":170,"column":51},"end":{"line":170,"column":83}}],"line":170},"37":{"loc":{"start":{"line":172,"column":8},"end":{"line":176,"column":null}},"type":"if","locations":[{"start":{"line":172,"column":8},"end":{"line":176,"column":null}},{"start":{"line":174,"column":15},"end":{"line":176,"column":null}}],"line":172},"38":{"loc":{"start":{"line":185,"column":6},"end":{"line":187,"column":null}},"type":"if","locations":[{"start":{"line":185,"column":6},"end":{"line":187,"column":null}},{"start":{},"end":{}}],"line":185}},"s":{"0":12,"1":3,"2":9,"3":9,"4":9,"5":9,"6":9,"7":9,"8":9,"9":1,"10":7,"11":7,"12":7,"13":2,"14":5,"15":6,"16":12,"17":6,"18":6,"19":6,"20":1,"21":5,"22":5,"23":5,"24":5,"25":0,"26":0,"27":5,"28":5,"29":0,"30":5,"31":5,"32":6,"33":6,"34":0,"35":6,"36":6,"37":10,"38":10,"39":10,"40":10,"41":10,"42":10,"43":10,"44":10,"45":9,"46":6,"47":6,"48":6,"49":6,"50":6,"51":6,"52":5,"53":1,"54":0,"55":0,"56":0,"57":0,"58":0,"59":0,"60":0,"61":0,"62":0,"63":0,"64":0,"65":0,"66":0,"67":0,"68":0,"69":0,"70":0,"71":0,"72":0,"73":0,"74":0,"75":0,"76":0,"77":0,"78":0,"79":0,"80":0,"81":0,"82":0,"83":0,"84":1,"85":12,"86":12,"87":13,"88":13,"89":13,"90":13,"91":13,"92":2,"93":2,"94":2,"95":2,"96":2,"97":0,"98":2,"99":2,"100":2,"101":1,"102":1,"103":11,"104":0,"105":0,"106":11,"107":10,"108":10,"109":6,"110":4,"111":1,"112":1,"113":12,"114":0,"115":0,"116":0,"117":0,"118":12},"f":{"0":12,"1":7,"2":6,"3":12,"4":5,"5":0,"6":0,"7":12},"b":{"0":[3,9],"1":[2,5],"2":[7,7],"3":[6,1],"4":[0,5],"5":[0,5],"6":[5,5],"7":[0,6],"8":[10,0],"9":[10,0],"10":[10,10,10,10],"11":[9,1],"12":[10,10,10,9],"13":[6,0],"14":[6,0],"15":[5,1],"16":[6,5],"17":[0,0],"18":[0,0],"19":[0,0],"20":[0,0],"21":[0,0],"22":[0,0],"23":[0,0],"24":[0,0],"25":[0,0],"26":[0,0],"27":[0,0,0],"28":[0,0],"29":[2,11],"30":[0,2],"31":[2,0],"32":[2,1],"33":[1,1],"34":[0,11],"35":[10,1],"36":[11,5],"37":[6,4],"38":[0,0]},"meta":{"lastBranch":39,"lastFunction":8,"lastStatement":119,"seen":{"f:7:9:7:30":0,"b:8:2:10:Infinity:undefined:undefined:undefined:undefined":0,"s:8:2:10:Infinity":0,"s:9:4:9:Infinity":1,"s:11:22:11:Infinity":2,"s:12:2:16:Infinity":3,"s:12:15:12:18":4,"s:13:19:13:Infinity":5,"s:14:19:14:Infinity":6,"s:15:4:15:Infinity":7,"s:17:2:17:Infinity":8,"s:20:17:35:Infinity":9,"f:20:17:20:18":1,"s:21:14:21:Infinity":10,"s:22:2:22:Infinity":11,"b:24:2:26:Infinity:undefined:undefined:undefined:undefined":1,"s:24:2:26:Infinity":12,"b:24:6:24:21:24:21:24:46":2,"s:25:4:25:Infinity":13,"s:28:2:34:Infinity":14,"f:28:24:28:33":2,"s:29:28:29:Infinity":15,"f:29:45:29:50":3,"s:29:50:29:64":16,"s:30:17:30:Infinity":17,"b:30:17:30:31:30:31:30:Infinity":3,"s:31:19:31:Infinity":18,"s:33:4:33:Infinity":19,"s:37:17:85:Infinity":20,"f:37:17:37:18":4,"s:38:17:38:Infinity":21,"s:39:17:39:Infinity":22,"s:42:22:42:Infinity":23,"b:43:2:46:Infinity:undefined:undefined:undefined:undefined":4,"s:43:2:46:Infinity":24,"s:44:4:44:Infinity":25,"s:45:4:45:Infinity":26,"s:48:21:48:Infinity":27,"b:49:2:51:Infinity:undefined:undefined:undefined:undefined":5,"s:49:2:51:Infinity":28,"b:49:6:49:21:49:21:49:46":6,"s:50:4:50:Infinity":29,"s:53:37:53:Infinity":30,"s:55:2:82:Infinity":31,"s:56:24:56:Infinity":32,"b:57:4:57:Infinity:undefined:undefined:undefined:undefined":7,"s:57:4:57:Infinity":33,"s:57:34:57:Infinity":34,"s:59:28:59:Infinity":35,"s:60:4:73:Infinity":36,"s:61:18:61:Infinity":37,"b:62:6:72:Infinity:undefined:undefined:undefined:undefined":8,"s:62:6:72:Infinity":38,"s:63:24:63:Infinity":39,"s:64:24:64:Infinity":40,"b:65:8:71:Infinity:undefined:undefined:undefined:undefined":9,"s:65:8:71:Infinity":41,"b:65:12:65:23:65:23:65:34:65:34:65:57:65:57:65:78":10,"s:66:22:66:Infinity":42,"s:67:22:67:Infinity":43,"b:68:10:70:Infinity:undefined:undefined:undefined:undefined":11,"s:68:10:70:Infinity":44,"b:68:14:68:29:68:29:68:44:68:44:68:57:68:57:68:68":12,"s:69:12:69:Infinity":45,"b:75:4:81:Infinity:undefined:undefined:undefined:undefined":13,"s:75:4:81:Infinity":46,"s:76:20:76:Infinity":47,"b:76:20:76:54:76:54:76:Infinity":14,"s:77:21:77:Infinity":48,"s:78:19:78:Infinity":49,"b:78:50:78:87:78:87:78:Infinity":15,"b:78:19:78:29:78:29:78:50":16,"s:79:21:79:Infinity":50,"s:80:6:80:Infinity":51,"s:84:2:84:Infinity":52,"s:87:17:137:Infinity":53,"f:87:17:87:18":5,"s:88:4:136:Infinity":54,"s:89:23:89:Infinity":55,"s:90:24:90:Infinity":56,"s:91:37:91:Infinity":57,"b:93:8:99:Infinity:undefined:undefined:undefined:undefined":17,"s:93:8:99:Infinity":58,"b:93:12:93:22:93:22:93:41":18,"s:94:12:94:Infinity":59,"b:96:12:98:Infinity:undefined:undefined:undefined:undefined":19,"s:96:12:98:Infinity":60,"b:96:16:96:41:96:41:96:76":20,"s:97:17:97:Infinity":61,"s:101:31:101:Infinity":62,"b:102:8:104:Infinity:undefined:undefined:undefined:undefined":21,"s:102:8:104:Infinity":63,"b:102:12:102:31:102:31:102:60":22,"s:103:12:103:Infinity":64,"s:106:32:106:Infinity":65,"s:107:8:114:Infinity":66,"f:107:31:107:41":6,"b:109:12:113:Infinity:undefined:undefined:undefined:undefined":23,"s:109:12:113:Infinity":67,"b:109:16:109:46:109:46:109:75":24,"s:110:28:110:Infinity":68,"s:111:28:111:Infinity":69,"s:112:16:112:Infinity":70,"b:116:8:118:Infinity:undefined:undefined:undefined:undefined":25,"s:116:8:118:Infinity":71,"s:117:12:117:Infinity":72,"s:120:32:120:Infinity":73,"s:121:19:121:Infinity":74,"b:122:8:125:Infinity:undefined:undefined:undefined:undefined":26,"s:122:8:125:Infinity":75,"b:122:12:122:31:122:31:122:61:122:61:122:91":27,"s:123:33:123:Infinity":76,"s:124:12:124:Infinity":77,"s:127:23:127:Infinity":78,"s:128:8:128:Infinity":79,"s:131:8:131:Infinity":80,"b:132:8:134:Infinity:undefined:undefined:undefined:undefined":28,"s:132:8:134:Infinity":81,"s:133:12:133:Infinity":82,"s:135:8:135:Infinity":83,"s:140:31:193:Infinity":84,"f:140:31:140:38":7,"s:141:40:141:Infinity":85,"s:143:2:190:Infinity":86,"s:144:4:189:Infinity":87,"s:145:21:145:Infinity":88,"s:146:28:146:Infinity":89,"s:147:45:147:Infinity":90,"b:149:6:180:Infinity:166:6:180:Infinity":29,"s:149:6:180:Infinity":91,"s:150:23:150:Infinity":92,"s:151:29:151:Infinity":93,"s:152:8:152:Infinity":94,"s:153:34:153:Infinity":95,"b:155:8:165:Infinity:158:8:165:Infinity":30,"s:155:8:165:Infinity":96,"s:157:10:157:Infinity":97,"b:158:8:165:Infinity:undefined:undefined:undefined:undefined":31,"s:158:8:165:Infinity":98,"b:158:19:158:50:158:50:158:79":32,"s:159:26:159:Infinity":99,"b:160:10:164:Infinity:162:17:164:Infinity":33,"s:160:10:164:Infinity":100,"s:161:12:161:Infinity":101,"s:163:12:163:Infinity":102,"b:166:6:180:Infinity:170:6:180:Infinity":34,"s:166:6:180:Infinity":103,"s:167:23:167:Infinity":104,"s:169:8:169:Infinity":105,"b:170:6:180:Infinity:177:13:180:Infinity":35,"s:170:6:180:Infinity":106,"b:170:17:170:51:170:51:170:83":36,"s:171:24:171:Infinity":107,"b:172:8:176:Infinity:174:15:176:Infinity":37,"s:172:8:176:Infinity":108,"s:173:10:173:Infinity":109,"s:175:10:175:Infinity":110,"s:178:8:178:Infinity":111,"s:179:8:179:Infinity":112,"s:182:6:182:Infinity":113,"s:184:6:184:Infinity":114,"b:185:6:187:Infinity:undefined:undefined:undefined:undefined":38,"s:185:6:187:Infinity":115,"s:186:10:186:Infinity":116,"s:188:6:188:Infinity":117,"s:192:2:192:Infinity":118}}}
,"/home/user/strata-lines/services/utils.ts": {"path":"/home/user/strata-lines/services/utils.ts","statementMap":{"0":{"start":{"line":5,"column":24},"end":{"line":14,"column":null}},"1":{"start":{"line":6,"column":19},"end":{"line":6,"column":null}},"2":{"start":{"line":7,"column":4},"end":{"line":13,"column":null}},"3":{"start":{"line":16,"column":24},"end":{"line":31,"column":null}},"4":{"start":{"line":17,"column":4},"end":{"line":17,"column":14}},"5":{"start":{"line":17,"column":14},"end":{"line":17,"column":24}},"6":{"start":{"line":17,"column":24},"end":{"line":17,"column":null}},"7":{"start":{"line":18,"column":16},"end":{"line":18,"column":35}},"8":{"start":{"line":18,"column":41},"end":{"line":18,"column":null}},"9":{"start":{"line":19,"column":12},"end":{"line":19,"column":15}},"10":{"start":{"line":19,"column":22},"end":{"line":19,"column":null}},"11":{"start":{"line":20,"column":14},"end":{"line":20,"column":null}},"12":{"start":{"line":21,"column":4},"end":{"line":21,"column":null}},"13":{"start":{"line":22,"column":4},"end":{"line":29,"column":null}},"14":{"start":{"line":23,"column":8},"end":{"line":27,"column":null}},"15":{"start":{"line":24,"column":20},"end":{"line":24,"column":55}},"16":{"start":{"line":24,"column":55},"end":{"line":24,"column":null}},"17":{"start":{"line":25,"column":20},"end":{"line":25,"column":41}},"18":{"start":{"line":25,"column":41},"end":{"line":25,"column":null}},"19":{"start":{"line":26,"column":20},"end":{"line":26,"column":41}},"20":{"start":{"line":26,"column":41},"end":{"line":26,"column":null}},"21":{"start":{"line":28,"column":8},"end":{"line":28,"column":null}},"22":{"start":{"line":30,"column":4},"end":{"line":30,"column":null}},"23":{"start":{"line":33,"column":24},"end":{"line":49,"column":null}},"24":{"start":{"line":34,"column":12},"end":{"line":34,"column":15}},"25":{"start":{"line":34,"column":19},"end":{"line":34,"column":22}},"26":{"start":{"line":34,"column":26},"end":{"line":34,"column":null}},"27":{"start":{"line":35,"column":14},"end":{"line":35,"column":null}},"28":{"start":{"line":36,"column":15},"end":{"line":36,"column":null}},"29":{"start":{"line":37,"column":14},"end":{"line":37,"column":null}},"30":{"start":{"line":38,"column":14},"end":{"line":38,"column":null}},"31":{"start":{"line":39,"column":14},"end":{"line":39,"column":null}},"32":{"start":{"line":40,"column":4},"end":{"line":47,"column":null}},"33":{"start":{"line":41,"column":16},"end":{"line":41,"column":23}},"34":{"start":{"line":41,"column":23},"end":{"line":41,"column":30}},"35":{"start":{"line":41,"column":30},"end":{"line":41,"column":37}},"36":{"start":{"line":41,"column":37},"end":{"line":41,"column":null}},"37":{"start":{"line":42,"column":16},"end":{"line":42,"column":23}},"38":{"start":{"line":42,"column":23},"end":{"line":42,"column":30}},"39":{"start":{"line":42,"column":30},"end":{"line":42,"column":37}},"40":{"start":{"line":42,"column":37},"end":{"line":42,"column":null}},"41":{"start":{"line":43,"column":16},"end":{"line":43,"column":23}},"42":{"start":{"line":43,"column":23},"end":{"line":43,"column":30}},"43":{"start":{"line":43,"column":30},"end":{"line":43,"column":37}},"44":{"start":{"line":43,"column":37},"end":{"line":43,"column":null}},"45":{"start":{"line":44,"column":16},"end":{"line":44,"column":23}},"46":{"start":{"line":44,"column":23},"end":{"line":44,"column":30}},"47":{"start":{"line":44,"column":30},"end":{"line":44,"column":37}},"48":{"start":{"line":44,"column":37},"end":{"line":44,"column":null}},"49":{"start":{"line":45,"column":16},"end":{"line":45,"column":23}},"50":{"start":{"line":45,"column":23},"end":{"line":45,"column":30}},"51":{"start":{"line":45,"column":30},"end":{"line":45,"column":37}},"52":{"start":{"line":45,"column":37},"end":{"line":45,"column":null}},"53":{"start":{"line":46,"column":16},"end":{"line":46,"column":23}},"54":{"start":{"line":46,"column":23},"end":{"line":46,"column":30}},"55":{"start":{"line":46,"column":30},"end":{"line":46,"column":37}},"56":{"start":{"line":46,"column":37},"end":{"line":46,"column":null}},"57":{"start":{"line":48,"column":4},"end":{"line":48,"column":null}},"58":{"start":{"line":51,"column":24},"end":{"line":53,"column":null}},"59":{"start":{"line":52,"column":4},"end":{"line":52,"column":null}},"60":{"start":{"line":55,"column":37},"end":{"line":86,"column":null}},"61":{"start":{"line":56,"column":21},"end":{"line":56,"column":null}},"62":{"start":{"line":57,"column":19},"end":{"line":57,"column":null}},"63":{"start":{"line":58,"column":4},"end":{"line":58,"column":null}},"64":{"start":{"line":58,"column":30},"end":{"line":58,"column":null}},"65":{"start":{"line":60,"column":21},"end":{"line":60,"column":null}},"66":{"start":{"line":61,"column":19},"end":{"line":61,"column":null}},"67":{"start":{"line":63,"column":17},"end":{"line":63,"column":null}},"68":{"start":{"line":64,"column":17},"end":{"line":64,"column":null}},"69":{"start":{"line":65,"column":17},"end":{"line":65,"column":null}},"70":{"start":{"line":66,"column":17},"end":{"line":66,"column":null}},"71":{"start":{"line":68,"column":20},"end":{"line":68,"column":null}},"72":{"start":{"line":69,"column":20},"end":{"line":69,"column":null}},"73":{"start":{"line":72,"column":15},"end":{"line":72,"column":27}},"74":{"start":{"line":72,"column":32},"end":{"line":72,"column":null}},"75":{"start":{"line":73,"column":20},"end":{"line":73,"column":null}},"76":{"start":{"line":75,"column":4},"end":{"line":82,"column":null}},"77":{"start":{"line":76,"column":8},"end":{"line":76,"column":null}},"78":{"start":{"line":78,"column":27},"end":{"line":78,"column":null}},"79":{"start":{"line":79,"column":27},"end":{"line":79,"column":null}},"80":{"start":{"line":80,"column":21},"end":{"line":80,"column":null}},"81":{"start":{"line":81,"column":8},"end":{"line":81,"column":null}},"82":{"start":{"line":84,"column":21},"end":{"line":84,"column":null}},"83":{"start":{"line":85,"column":4},"end":{"line":85,"column":null}},"84":{"start":{"line":88,"column":31},"end":{"line":102,"column":null}},"85":{"start":{"line":89,"column":4},"end":{"line":91,"column":null}},"86":{"start":{"line":90,"column":8},"end":{"line":90,"column":null}},"87":{"start":{"line":92,"column":31},"end":{"line":92,"column":null}},"88":{"start":{"line":93,"column":4},"end":{"line":97,"column":null}},"89":{"start":{"line":94,"column":8},"end":{"line":96,"column":null}},"90":{"start":{"line":95,"column":12},"end":{"line":95,"column":null}},"91":{"start":{"line":98,"column":4},"end":{"line":100,"column":null}},"92":{"start":{"line":99,"column":8},"end":{"line":99,"column":null}},"93":{"start":{"line":101,"column":4},"end":{"line":101,"column":null}}},"fnMap":{"0":{"name":"(anonymous_0)","decl":{"start":{"line":5,"column":24},"end":{"line":5,"column":25}},"loc":{"start":{"line":5,"column":85},"end":{"line":14,"column":null}},"line":5},"1":{"name":"(anonymous_1)","decl":{"start":{"line":16,"column":24},"end":{"line":16,"column":25}},"loc":{"start":{"line":16,"column":98},"end":{"line":31,"column":null}},"line":16},"2":{"name":"(anonymous_2)","decl":{"start":{"line":33,"column":24},"end":{"line":33,"column":25}},"loc":{"start":{"line":33,"column":98},"end":{"line":49,"column":null}},"line":33},"3":{"name":"(anonymous_3)","decl":{"start":{"line":51,"column":24},"end":{"line":51,"column":25}},"loc":{"start":{"line":51,"column":69},"end":{"line":53,"column":null}},"line":51},"4":{"name":"(anonymous_4)","decl":{"start":{"line":55,"column":37},"end":{"line":55,"column":38}},"loc":{"start":{"line":55,"column":83},"end":{"line":86,"column":null}},"line":55},"5":{"name":"(anonymous_5)","decl":{"start":{"line":88,"column":31},"end":{"line":88,"column":32}},"loc":{"start":{"line":88,"column":96},"end":{"line":102,"column":null}},"line":88}},"branchMap":{"0":{"loc":{"start":{"line":7,"column":11},"end":{"line":13,"column":null}},"type":"cond-expr","locations":[{"start":{"line":8,"column":10},"end":{"line":12,"column":null}},{"start":{"line":13,"column":10},"end":{"line":13,"column":null}}],"line":7},"1":{"loc":{"start":{"line":21,"column":8},"end":{"line":21,"column":null}},"type":"cond-expr","locations":[{"start":{"line":21,"column":20},"end":{"line":21,"column":24}},{"start":{"line":21,"column":24},"end":{"line":21,"column":null}}],"line":21},"2":{"loc":{"start":{"line":22,"column":4},"end":{"line":29,"column":null}},"type":"if","locations":[{"start":{"line":22,"column":4},"end":{"line":29,"column":null}},{"start":{},"end":{}}],"line":22},"3":{"loc":{"start":{"line":23,"column":8},"end":{"line":27,"column":null}},"type":"switch","locations":[{"start":{"line":24,"column":12},"end":{"line":24,"column":null}},{"start":{"line":25,"column":12},"end":{"line":25,"column":null}},{"start":{"line":26,"column":12},"end":{"line":26,"column":null}}],"line":23},"4":{"loc":{"start":{"line":24,"column":39},"end":{"line":24,"column":55}},"type":"cond-expr","locations":[{"start":{"line":24,"column":47},"end":{"line":24,"column":51}},{"start":{"line":24,"column":51},"end":{"line":24,"column":55}}],"line":24},"5":{"loc":{"start":{"line":40,"column":4},"end":{"line":47,"column":null}},"type":"switch","locations":[{"start":{"line":41,"column":8},"end":{"line":41,"column":null}},{"start":{"line":42,"column":8},"end":{"line":42,"column":null}},{"start":{"line":43,"column":8},"end":{"line":43,"column":null}},{"start":{"line":44,"column":8},"end":{"line":44,"column":null}},{"start":{"line":45,"column":8},"end":{"line":45,"column":null}},{"start":{"line":46,"column":8},"end":{"line":46,"column":null}}],"line":40},"6":{"loc":{"start":{"line":58,"column":4},"end":{"line":58,"column":null}},"type":"if","locations":[{"start":{"line":58,"column":4},"end":{"line":58,"column":null}},{"start":{},"end":{}}],"line":58},"7":{"loc":{"start":{"line":58,"column":8},"end":{"line":58,"column":30}},"type":"binary-expr","locations":[{"start":{"line":58,"column":8},"end":{"line":58,"column":21}},{"start":{"line":58,"column":21},"end":{"line":58,"column":30}}],"line":58},"8":{"loc":{"start":{"line":75,"column":4},"end":{"line":82,"column":null}},"type":"if","locations":[{"start":{"line":75,"column":4},"end":{"line":82,"column":null}},{"start":{"line":77,"column":11},"end":{"line":82,"column":null}}],"line":75},"9":{"loc":{"start":{"line":89,"column":4},"end":{"line":91,"column":null}},"type":"if","locations":[{"start":{"line":89,"column":4},"end":{"line":91,"column":null}},{"start":{},"end":{}}],"line":89},"10":{"loc":{"start":{"line":98,"column":4},"end":{"line":100,"column":null}},"type":"if","locations":[{"start":{"line":98,"column":4},"end":{"line":100,"column":null}},{"start":{},"end":{}}],"line":98}},"s":{"0":1,"1":11,"2":11,"3":1,"4":5,"5":5,"6":5,"7":5,"8":5,"9":5,"10":5,"11":5,"12":5,"13":5,"14":3,"15":2,"16":2,"17":0,"18":0,"19":1,"20":1,"21":3,"22":5,"23":1,"24":4,"25":4,"26":4,"27":4,"28":4,"29":4,"30":4,"31":4,"32":4,"33":3,"34":3,"35":3,"36":3,"37":0,"38":0,"39":0,"40":0,"41":0,"42":0,"43":0,"44":0,"45":0,"46":0,"47":0,"48":0,"49":0,"50":0,"51":0,"52":0,"53":1,"54":1,"55":1,"56":1,"57":4,"58":1,"59":5,"60":1,"61":2,"62":2,"63":2,"64":1,"65":1,"66":1,"67":1,"68":1,"69":1,"70":1,"71":1,"72":1,"73":1,"74":1,"75":1,"76":1,"77":0,"78":1,"79":1,"80":1,"81":1,"82":1,"83":1,"84":1,"85":3,"86":1,"87":2,"88":2,"89":2,"90":2,"91":2,"92":1,"93":1},"f":{"0":11,"1":5,"2":4,"3":5,"4":2,"5":3},"b":{"0":[8,3],"1":[1,4],"2":[3,2],"3":[2,0,1],"4":[0,2],"5":[3,0,0,0,0,1],"6":[1,1],"7":[2,1],"8":[0,1],"9":[1,2],"10":[1,1]},"meta":{"lastBranch":11,"lastFunction":6,"lastStatement":94,"seen":{"s:5:24:14:Infinity":0,"f:5:24:5:25":0,"s:6:19:6:Infinity":1,"s:7:4:13:Infinity":2,"b:8:10:12:Infinity:13:10:13:Infinity":0,"s:16:24:31:Infinity":3,"f:16:24:16:25":1,"s:17:4:17:14":4,"s:17:14:17:24":5,"s:17:24:17:Infinity":6,"s:18:16:18:35":7,"s:18:41:18:Infinity":8,"s:19:12:19:15":9,"s:19:22:19:Infinity":10,"s:20:14:20:Infinity":11,"s:21:4:21:Infinity":12,"b:21:20:21:24:21:24:21:Infinity":1,"b:22:4:29:Infinity:undefined:undefined:undefined:undefined":2,"s:22:4:29:Infinity":13,"b:24:12:24:Infinity:25:12:25:Infinity:26:12:26:Infinity":3,"s:23:8:27:Infinity":14,"s:24:20:24:55":15,"b:24:47:24:51:24:51:24:55":4,"s:24:55:24:Infinity":16,"s:25:20:25:41":17,"s:25:41:25:Infinity":18,"s:26:20:26:41":19,"s:26:41:26:Infinity":20,"s:28:8:28:Infinity":21,"s:30:4:30:Infinity":22,"s:33:24:49:Infinity":23,"f:33:24:33:25":2,"s:34:12:34:15":24,"s:34:19:34:22":25,"s:34:26:34:Infinity":26,"s:35:14:35:Infinity":27,"s:36:15:36:Infinity":28,"s:37:14:37:Infinity":29,"s:38:14:38:Infinity":30,"s:39:14:39:Infinity":31,"b:41:8:41:Infinity:42:8:42:Infinity:43:8:43:Infinity:44:8:44:Infinity:45:8:45:Infinity:46:8:46:Infinity":5,"s:40:4:47:Infinity":32,"s:41:16:41:23":33,"s:41:23:41:30":34,"s:41:30:41:37":35,"s:41:37:41:Infinity":36,"s:42:16:42:23":37,"s:42:23:42:30":38,"s:42:30:42:37":39,"s:42:37:42:Infinity":40,"s:43:16:43:23":41,"s:43:23:43:30":42,"s:43:30:43:37":43,"s:43:37:43:Infinity":44,"s:44:16:44:23":45,"s:44:23:44:30":46,"s:44:30:44:37":47,"s:44:37:44:Infinity":48,"s:45:16:45:23":49,"s:45:23:45:30":50,"s:45:30:45:37":51,"s:45:37:45:Infinity":52,"s:46:16:46:23":53,"s:46:23:46:30":54,"s:46:30:46:37":55,"s:46:37:46:Infinity":56,"s:48:4:48:Infinity":57,"s:51:24:53:Infinity":58,"f:51:24:51:25":3,"s:52:4:52:Infinity":59,"s:55:37:86:Infinity":60,"f:55:37:55:38":4,"s:56:21:56:Infinity":61,"s:57:19:57:Infinity":62,"b:58:4:58:Infinity:undefined:undefined:undefined:undefined":6,"s:58:4:58:Infinity":63,"b:58:8:58:21:58:21:58:30":7,"s:58:30:58:Infinity":64,"s:60:21:60:Infinity":65,"s:61:19:61:Infinity":66,"s:63:17:63:Infinity":67,"s:64:17:64:Infinity":68,"s:65:17:65:Infinity":69,"s:66:17:66:Infinity":70,"s:68:20:68:Infinity":71,"s:69:20:69:Infinity":72,"s:72:15:72:27":73,"s:72:32:72:Infinity":74,"s:73:20:73:Infinity":75,"b:75:4:82:Infinity:77:11:82:Infinity":8,"s:75:4:82:Infinity":76,"s:76:8:76:Infinity":77,"s:78:27:78:Infinity":78,"s:79:27:79:Infinity":79,"s:80:21:80:Infinity":80,"s:81:8:81:Infinity":81,"s:84:21:84:Infinity":82,"s:85:4:85:Infinity":83,"s:88:31:102:Infinity":84,"f:88:31:88:32":5,"b:89:4:91:Infinity:undefined:undefined:undefined:undefined":9,"s:89:4:91:Infinity":85,"s:90:8:90:Infinity":86,"s:92:31:92:Infinity":87,"s:93:4:97:Infinity":88,"s:94:8:96:Infinity":89,"s:95:12:95:Infinity":90,"b:98:4:100:Infinity:undefined:undefined:undefined:undefined":10,"s:98:4:100:Infinity":91,"s:99:8:99:Infinity":92,"s:101:4:101:Infinity":93}}}
}
