TN:
SF:services/gpxGenerator.ts
FN:8,(anonymous_0)
FN:9,(anonymous_1)
FNF:2
FNH:2
FNDA:6,(anonymous_0)
FNDA:10,(anonymous_1)
DA:8,1
DA:9,10
DA:11,6
LF:3
LH:3
BRF:0
BRH:0
end_of_record
TN:
SF:services/gpxProcessor.ts
FN:7,calculateTrackLength
FN:20,(anonymous_1)
FN:28,(anonymous_2)
FN:29,(anonymous_3)
FN:37,(anonymous_4)
FN:87,(anonymous_5)
FN:107,(anonymous_6)
FN:140,(anonymous_7)
FNF:8
FNH:6
FNDA:12,calculateTrackLength
FNDA:7,(anonymous_1)
FNDA:6,(anonymous_2)
FNDA:12,(anonymous_3)
FNDA:5,(anonymous_4)
FNDA:0,(anonymous_5)
FNDA:0,(anonymous_6)
FNDA:12,(anonymous_7)
DA:8,12
DA:9,3
DA:11,9
DA:12,9
DA:13,9
DA:14,9
DA:15,9
DA:17,9
DA:20,1
DA:21,7
DA:22,7
DA:24,7
DA:25,2
DA:28,5
DA:29,12
DA:30,6
DA:31,6
DA:33,6
DA:37,1
DA:38,5
DA:39,5
DA:42,5
DA:43,5
DA:44,0
DA:45,0
DA:48,5
DA:49,5
DA:50,0
DA:53,5
DA:55,5
DA:56,6
DA:57,6
DA:59,6
DA:60,6
DA:61,10
DA:62,10
DA:63,10
DA:64,10
DA:65,10
DA:66,10
DA:67,10
DA:68,10
DA:69,9
DA:75,6
DA:76,6
DA:77,6
DA:78,6
DA:79,6
DA:80,6
DA:84,5
DA:87,1
DA:88,0
DA:89,0
DA:90,0
DA:91,0
DA:93,0
DA:94,0
DA:96,0
DA:97,0
DA:101,0
DA:102,0
DA:103,0
DA:106,0
DA:107,0
DA:109,0
DA:110,0
DA:111,0
DA:112,0
DA:116,0
DA:117,0
DA:120,0
DA:121,0
DA:122,0
DA:123,0
DA:124,0
DA:127,0
DA:128,0
DA:131,0
DA:132,0
DA:133,0
DA:135,0
DA:140,1
DA:141,12
DA:143,12
DA:144,13
DA:145,13
DA:146,13
DA:147,13
DA:149,13
DA:150,2
DA:151,2
DA:152,2
DA:153,2
DA:155,2
DA:157,0
DA:158,2
DA:159,2
DA:160,2
DA:161,1
DA:163,1
DA:166,11
DA:167,0
DA:169,0
DA:170,11
DA:171,10
DA:172,10
DA:173,6
DA:175,4
DA:178,1
DA:179,1
DA:182,12
DA:184,0
DA:185,0
DA:186,0
DA:188,0
DA:192,12
LF:116
LH:76
BRDA:8,0,0,3
BRDA:8,0,1,9
BRDA:24,1,0,2
BRDA:24,1,1,5
BRDA:24,2,0,7
BRDA:24,2,1,7
BRDA:30,3,0,6
BRDA:30,3,1,1
BRDA:43,4,0,0
BRDA:43,4,1,5
BRDA:49,5,0,0
BRDA:49,5,1,5
BRDA:49,6,0,5
BRDA:49,6,1,5
BRDA:57,7,0,0
BRDA:57,7,1,6
BRDA:62,8,0,10
BRDA:62,8,1,0
BRDA:65,9,0,10
BRDA:65,9,1,0
BRDA:65,10,0,10
BRDA:65,10,1,10
BRDA:65,10,2,10
BRDA:65,10,3,10
BRDA:68,11,0,9
BRDA:68,11,1,1
BRDA:68,12,0,10
BRDA:68,12,1,10
BRDA:68,12,2,10
BRDA:68,12,3,9
BRDA:75,13,0,6
BRDA:75,13,1,0
BRDA:76,14,0,6
BRDA:76,14,1,0
BRDA:78,15,0,5
BRDA:78,15,1,1
BRDA:78,16,0,6
BRDA:78,16,1,5
BRDA:93,17,0,0
BRDA:93,17,1,0
BRDA:93,18,0,0
BRDA:93,18,1,0
BRDA:96,19,0,0
BRDA:96,19,1,0
BRDA:96,20,0,0
BRDA:96,20,1,0
BRDA:102,21,0,0
BRDA:102,21,1,0
BRDA:102,22,0,0
BRDA:102,22,1,0
BRDA:109,23,0,0
BRDA:109,23,1,0
BRDA:109,24,0,0
BRDA:109,24,1,0
BRDA:116,25,0,0
BRDA:116,25,1,0
BRDA:122,26,0,0
BRDA:122,26,1,0
BRDA:122,27,0,0
BRDA:122,27,1,0
BRDA:122,27,2,0
BRDA:132,28,0,0
BRDA:132,28,1,0
BRDA:149,29,0,2
BRDA:149,29,1,11
BRDA:155,30,0,0
BRDA:155,30,1,2
BRDA:158,31,0,2
BRDA:158,31,1,0
BRDA:158,32,0,2
BRDA:158,32,1,1
BRDA:160,33,0,1
BRDA:160,33,1,1
BRDA:166,34,0,0
BRDA:166,34,1,11
BRDA:170,35,0,10
BRDA:170,35,1,1
BRDA:170,36,0,11
BRDA:170,36,1,5
BRDA:172,37,0,6
BRDA:172,37,1,4
BRDA:185,38,0,0
BRDA:185,38,1,0
BRF:83
BRH:46
end_of_record
TN:
SF:services/utils.ts
FN:5,(anonymous_0)
FN:16,(anonymous_1)
FN:33,(anonymous_2)
FN:51,(anonymous_3)
FN:55,(anonymous_4)
FN:88,(anonymous_5)
FNF:6
FNH:6
FNDA:11,(anonymous_0)
FNDA:5,(anonymous_1)
FNDA:4,(anonymous_2)
FNDA:5,(anonymous_3)
FNDA:2,(anonymous_4)
FNDA:3,(anonymous_5)
DA:5,1
DA:6,11
DA:7,11
DA:16,1
DA:17,5
DA:18,5
DA:19,5
DA:20,5
DA:21,5
DA:22,5
DA:23,3
DA:24,2
DA:25,0
DA:26,1
DA:28,3
DA:30,5
DA:33,1
DA:34,4
DA:35,4
DA:36,4
DA:37,4
DA:38,4
DA:39,4
DA:40,4
DA:41,3
DA:42,0
DA:43,0
DA:44,0
DA:45,0
DA:46,1
DA:48,4
DA:51,1
DA:52,5
DA:55,1
DA:56,2
DA:57,2
DA:58,2
DA:60,1
DA:61,1
DA:63,1
DA:64,1
DA:65,1
DA:66,1
DA:68,1
DA:69,1
DA:72,1
DA:73,1
DA:75,1
DA:76,0
DA:78,1
DA:79,1
DA:80,1
DA:81,1
DA:84,1
DA:85,1
DA:88,1
DA:89,3
DA:90,1
DA:92,2
DA:93,2
DA:94,2
DA:95,2
DA:98,2
DA:99,1
DA:101,1
LF:65
LH:59
BRDA:7,0,0,8
BRDA:7,0,1,3
BRDA:21,1,0,1
BRDA:21,1,1,4
BRDA:22,2,0,3
BRDA:22,2,1,2
BRDA:23,3,0,2
BRDA:23,3,1,0
BRDA:23,3,2,1
BRDA:24,4,0,0
BRDA:24,4,1,2
BRDA:40,5,0,3
BRDA:40,5,1,0
BRDA:40,5,2,0
BRDA:40,5,3,0
BRDA:40,5,4,0
BRDA:40,5,5,1
BRDA:58,6,0,1
BRDA:58,6,1,1
BRDA:58,7,0,2
BRDA:58,7,1,1
BRDA:75,8,0,0
BRDA:75,8,1,1
BRDA:89,9,0,1
BRDA:89,9,1,2
BRDA:98,10,0,1
BRDA:98,10,1,1
BRF:27
BRH:20
end_of_record
